|         line         | RAM[0] | RAM[1] | RAM[2] | RAM[3] | RAM[4] |argument|argument|local[0]|local[1]|local[2]|local[3]|local[4]|
| PONG.Math_multiply.0 |    283 |    278 |    271 |      0 |   2247 |     63 |    256 |      0 |      0 |      0 |      0 |      0 |
| PONG.Math_multiply.1 |    284 |    278 |    271 |      0 |   2247 |     63 |    256 |      0 |      0 |      0 |      0 |      0 |
| PONG.Math_multiply.2 |    285 |    278 |    271 |      0 |   2247 |     63 |    256 |      0 |      0 |      0 |      0 |      0 |
| PONG.Math_multiply.3 |    284 |    278 |    271 |      0 |   2247 |     63 |    256 |      0 |      0 |      0 |      0 |      0 |
| PONG.Math_multiply.4 |    285 |    278 |    271 |      0 |   2247 |     63 |    256 |      0 |      0 |      0 |      0 |      0 |
| PONG.Math_multiply.5 |    286 |    278 |    271 |      0 |   2247 |     63 |    256 |      0 |      0 |      0 |      0 |      0 |
| PONG.Math_multiply.6 |    285 |    278 |    271 |      0 |   2247 |     63 |    256 |      0 |      0 |      0 |      0 |      0 |
| PONG.Math_multiply.7 |    284 |    278 |    271 |      0 |   2247 |     63 |    256 |      0 |      0 |      0 |      0 |      0 |
| PONG.Math_multiply.8 |    285 |    278 |    271 |      0 |   2247 |     63 |    256 |      0 |      0 |      0 |      0 |      0 |
| PONG.Math_multiply.9 |    286 |    278 |    271 |      0 |   2247 |     63 |    256 |      0 |      0 |      0 |      0 |      0 |
| ONG.Math_multiply.10 |    285 |    278 |    271 |      0 |   2247 |     63 |    256 |      0 |      0 |      0 |      0 |      0 |
| ONG.Math_multiply.11 |    286 |    278 |    271 |      0 |   2247 |     63 |    256 |      0 |      0 |      0 |      0 |      0 |
| ONG.Math_multiply.12 |    287 |    278 |    271 |      0 |   2247 |     63 |    256 |      0 |      0 |      0 |      0 |      0 |
| ONG.Math_multiply.13 |    286 |    278 |    271 |      0 |   2247 |     63 |    256 |      0 |      0 |      0 |      0 |      0 |
| ONG.Math_multiply.14 |    285 |    278 |    271 |      0 |   2247 |     63 |    256 |      0 |      0 |      0 |      0 |      0 |
| ONG.Math_multiply.15 |    284 |    278 |    271 |      0 |   2247 |     63 |    256 |      0 |      0 |      0 |      0 |      0 |
| ONG.Math_multiply.16 |    283 |    278 |    271 |      0 |   2247 |     63 |    256 |      0 |      0 |      0 |      0 |      0 |
| ONG.Math_multiply.17 |    284 |    278 |    271 |      0 |   2247 |     63 |    256 |      0 |      0 |      0 |      0 |      0 |
| ONG.Math_multiply.18 |    289 |    289 |    283 |      0 |   2247 |     63 |   2078 |      0 |   3482 |    201 |    290 |    284 |
| ONG.Math_multiply.10 |    284 |    278 |    271 |      0 |   2247 |     63 |    256 |      0 |      0 |      0 |      0 |      0 |
| ONG.Math_multiply.19 |    283 |    278 |    271 |      0 |   2247 |     63 |    256 |      0 |      0 |      0 |      0 |      0 |
| ONG.Math_multiply.20 |    284 |    278 |    271 |      0 |   2247 |     63 |    256 |      0 |      0 |      0 |      0 |      0 |
| ONG.Math_multiply.21 |    289 |    289 |    283 |      0 |   2247 |    256 |   2081 |     63 |      0 |    201 |    290 |    284 |
| ONG.Math_multiply.10 |    284 |    278 |    271 |      0 |   2247 |     63 |    256 |      0 |      0 |      0 |      0 |      0 |
| ONG.Math_multiply.22 |    283 |    278 |    271 |      0 |   2247 |     63 |    256 |      0 |      0 |      0 |      0 |      0 |
| ONG.Math_multiply.23 |    284 |    278 |    271 |      0 |   2247 |     63 |    256 |      0 |      0 |      0 |      0 |      0 |
| ONG.Math_multiply.24 |    285 |    278 |    271 |      0 |   2247 |     63 |    256 |      0 |      0 |      0 |      0 |      0 |
| ONG.Math_multiply.25 |    284 |    278 |    271 |      0 |   2247 |     63 |    256 |      0 |      0 |      0 |      0 |      0 |
| ONG.Math_multiply.26 |    283 |    278 |    271 |      0 |   2247 |     63 |    256 |      0 |      0 |      0 |      0 |      0 |
| ONG.Math_multiply.28 |    284 |    278 |    271 |      0 |   2247 |     63 |    256 |      0 |      0 |      0 |      0 |      0 |
| ONG.Math_multiply.29 |    283 |    278 |    271 |      0 |   2247 |     63 |    256 |      0 |     63 |      0 |      0 |      0 |
| ONG.Math_multiply.30 |    284 |    278 |    271 |      0 |   2247 |     63 |    256 |      0 |     63 |      0 |      0 |      0 |
| ONG.Math_multiply.31 |    283 |    278 |    271 |      0 |   2247 |    256 |    256 |      0 |     63 |      0 |      0 |      0 |
| ONG.Math_multiply.32 |    284 |    278 |    271 |      0 |   2247 |    256 |    256 |      0 |     63 |      0 |      0 |      0 |
| ONG.Math_multiply.33 |    283 |    278 |    271 |      0 |   2247 |    256 |     63 |      0 |     63 |      0 |      0 |      0 |
| ONG.Math_multiply.34 |    284 |    278 |    271 |      0 |   2247 |    256 |     63 |      0 |     63 |      0 |      0 |      0 |
| ONG.Math_multiply.35 |    285 |    278 |    271 |      0 |   2247 |    256 |     63 |      0 |     63 |      0 |      0 |      0 |
| ONG.Math_multiply.36 |    284 |    278 |    271 |      0 |   2247 |    256 |     63 |      0 |     63 |      0 |      0 |      0 |
| ONG.Math_multiply.37 |    285 |    278 |    271 |      0 |   2247 |    256 |     63 |      0 |     63 |      0 |      0 |      0 |
| ONG.Math_multiply.38 |    286 |    278 |    271 |      0 |   2247 |    256 |     63 |      0 |     63 |      0 |      0 |      0 |
| ONG.Math_multiply.39 |    285 |    278 |    271 |      0 |   2247 |    256 |     63 |      0 |     63 |      0 |      0 |      0 |
| ONG.Math_multiply.40 |    284 |    278 |    271 |      0 |   2247 |    256 |     63 |      0 |     63 |      0 |      0 |      0 |
| ONG.Math_multiply.41 |    284 |    278 |    271 |      0 |   2247 |    256 |     63 |      0 |     63 |      0 |      0 |      0 |
| ONG.Math_multiply.42 |    283 |    278 |    271 |      0 |   2247 |    256 |     63 |      0 |     63 |      0 |      0 |      0 |
| ONG.Math_multiply.43 |    284 |    278 |    271 |      0 |   2247 |    256 |     63 |      0 |     63 |      0 |      0 |      0 |
| ONG.Math_multiply.44 |    285 |    278 |    271 |      0 |   2247 |    256 |     63 |      0 |     63 |      0 |      0 |      0 |
| ONG.Math_multiply.45 |    284 |    278 |    271 |      0 |   2247 |    256 |     63 |      0 |     63 |      0 |      0 |      0 |
| ONG.Math_multiply.46 |    283 |    278 |    271 |      0 |      0 |    256 |     63 |      0 |     63 |      0 |      0 |      0 |
| ONG.Math_multiply.47 |    284 |    278 |    271 |      0 |      0 |    256 |     63 |      0 |     63 |      0 |      0 |      0 |
| ONG.Math_multiply.48 |    285 |    278 |    271 |      0 |      0 |    256 |     63 |      0 |     63 |      0 |      0 |      0 |
| ONG.Math_multiply.49 |    284 |    278 |    271 |      0 |      0 |    256 |     63 |      0 |     63 |      0 |      0 |      0 |
| ONG.Math_multiply.50 |    285 |    278 |    271 |      0 |      0 |    256 |     63 |      0 |     63 |      0 |      0 |      0 |
| ONG.Math_multiply.51 |    284 |    278 |    271 |      0 |      0 |    256 |     63 |      0 |     63 |      0 |      0 |      0 |
| ONG.Math_multiply.52 |    284 |    278 |    271 |      0 |      0 |    256 |     63 |      0 |     63 |      0 |      0 |      0 |
| ONG.Math_multiply.53 |    283 |    278 |    271 |      0 |      0 |    256 |     63 |      0 |     63 |      0 |      0 |      0 |
| ONG.Math_multiply.55 |    284 |    278 |    271 |      0 |      0 |    256 |     63 |      0 |     63 |      0 |      0 |      0 |
| ONG.Math_multiply.56 |    285 |    278 |    271 |      0 |      0 |    256 |     63 |      0 |     63 |      0 |      0 |      0 |
| ONG.Math_multiply.57 |    284 |    278 |    271 |      0 |      0 |    256 |     63 |      0 |     63 |      0 |      0 |      0 |
| ONG.Math_multiply.58 |    283 |    278 |    271 |      0 |      0 |    256 |     63 |    256 |     63 |      0 |      0 |      0 |
| ONG.Math_multiply.59 |    284 |    278 |    271 |      0 |      0 |    256 |     63 |    256 |     63 |      0 |      0 |      0 |
| ONG.Math_multiply.60 |    285 |    278 |    271 |      0 |      0 |    256 |     63 |    256 |     63 |      0 |      0 |      0 |
| ONG.Math_multiply.61 |    286 |    278 |    271 |      0 |      0 |    256 |     63 |    256 |     63 |      0 |      0 |      0 |
| ONG.Math_multiply.62 |    285 |    278 |    271 |      0 |      0 |    256 |     63 |    256 |     63 |      0 |      0 |      0 |
| ONG.Math_multiply.63 |    284 |    278 |    271 |      0 |      0 |    256 |     63 |    256 |     63 |      0 |      0 |      0 |
| ONG.Math_multiply.64 |    285 |    278 |    271 |      0 |      0 |    256 |     63 |    256 |     63 |      0 |      0 |      0 |
| ONG.Math_multiply.65 |    284 |    278 |    271 |      0 |      0 |    256 |     63 |    256 |     63 |      0 |      0 |      0 |
| ONG.Math_multiply.66 |    283 |    278 |    271 |      0 |      0 |    256 |     63 |    256 |     63 |    284 |      0 |      0 |
| ONG.Math_multiply.67 |    284 |    278 |    271 |      0 |      0 |    256 |     63 |    256 |     63 |    284 |      0 |      0 |
| ONG.Math_multiply.68 |    285 |    278 |    271 |      0 |      0 |    256 |     63 |    256 |     63 |    284 |      0 |      0 |
| ONG.Math_multiply.69 |    284 |    278 |    271 |      0 |      0 |    256 |     63 |    256 |     63 |    284 |      0 |      0 |
| ONG.Math_multiply.70 |    283 |    278 |    271 |      0 |      0 |    512 |     63 |    256 |     63 |    284 |      0 |      0 |
| ONG.Math_multiply.71 |    284 |    278 |    271 |      0 |      0 |    512 |     63 |    256 |     63 |    284 |      0 |      0 |
| ONG.Math_multiply.72 |    285 |    278 |    271 |      0 |      0 |    512 |     63 |    256 |     63 |    284 |      0 |      0 |
| ONG.Math_multiply.73 |    284 |    278 |    271 |      0 |      0 |    512 |     63 |    256 |     63 |    284 |      0 |      0 |
| ONG.Math_multiply.74 |    283 |    278 |    271 |      0 |      0 |    512 |     63 |    256 |     63 |    284 |      1 |      0 |
| ONG.Math_multiply.75 |    283 |    278 |    271 |      0 |      0 |    512 |     63 |    256 |     63 |    284 |      1 |      0 |
| ONG.Math_multiply.34 |    284 |    278 |    271 |      0 |      0 |    512 |     63 |    256 |     63 |    284 |      1 |      0 |
| ONG.Math_multiply.35 |    285 |    278 |    271 |      0 |      0 |    512 |     63 |    256 |     63 |    284 |      1 |      0 |
| ONG.Math_multiply.36 |    284 |    278 |    271 |      0 |      0 |    512 |     63 |    256 |     63 |    284 |      1 |      0 |
| ONG.Math_multiply.37 |    285 |    278 |    271 |      0 |      0 |    512 |     63 |    256 |     63 |    284 |      1 |      0 |
| ONG.Math_multiply.38 |    286 |    278 |    271 |      0 |      0 |    512 |     63 |    256 |     63 |    284 |      1 |      0 |
| ONG.Math_multiply.39 |    285 |    278 |    271 |      0 |      0 |    512 |     63 |    256 |     63 |    284 |      1 |      0 |
| ONG.Math_multiply.40 |    284 |    278 |    271 |      0 |      0 |    512 |     63 |    256 |     63 |    284 |      1 |      0 |
| ONG.Math_multiply.41 |    284 |    278 |    271 |      0 |      0 |    512 |     63 |    256 |     63 |    284 |      1 |      0 |
| ONG.Math_multiply.42 |    283 |    278 |    271 |      0 |      0 |    512 |     63 |    256 |     63 |    284 |      1 |      0 |
| ONG.Math_multiply.76 |    284 |    278 |    271 |      0 |      0 |    512 |     63 |    256 |     63 |    284 |      1 |      0 |
| ONG.Math_multiply.77 |    283 |    278 |    271 |      0 |      0 |    512 |     63 |    256 |     63 |    284 |      1 |      0 |
| ONG.Math_multiply.78 |    283 |    278 |    271 |      0 |      0 |    512 |     63 |    256 |     63 |    284 |      1 |      0 |
| ONG.Math_multiply.82 |    284 |    278 |    271 |      0 |      0 |    512 |     63 |    256 |     63 |    284 |      1 |      0 |
| _createShiftedMap.83 |    272 |    266 |    261 |      0 |   2247 |    158 |    261 |   2247 |   3624 |      0 |      0 |   3624 |
| _createShiftedMap.45 |    271 |    266 |    261 |      0 |   2247 |    158 |    261 |   2247 |   3624 |      0 |      0 |   3624 |
| _createShiftedMap.46 |    270 |    266 |    261 |      0 |   3624 |    158 |    261 |   2247 |   3624 |      0 |      0 |   3624 |
| _createShiftedMap.47 |    271 |    266 |    261 |      0 |   3624 |    158 |    261 |   2247 |   3624 |      0 |      0 |    256 |
| _createShiftedMap.48 |    270 |    266 |    261 |      0 |   3624 |    158 |    261 |   2247 |   3624 |      0 |      0 |    256 |
| _createShiftedMap.49 |    271 |    266 |    261 |      0 |   3624 |    158 |    261 |   2247 |   3624 |      0 |      0 |      0 |
| _createShiftedMap.50 |    272 |    266 |    261 |      0 |   3624 |    158 |    261 |   2247 |   3624 |      0 |      0 |      0 |
| _createShiftedMap.51 |    271 |    266 |    261 |      0 |   3624 |    158 |    261 |   2247 |   3624 |      0 |      0 |      1 |
| _createShiftedMap.52 |    270 |    266 |    261 |      0 |   3624 |    158 |    261 |   2247 |   3624 |      0 |      1 |      1 |
| _createShiftedMap.53 |    270 |    266 |    261 |      0 |   3624 |    158 |    261 |   2247 |   3624 |      0 |      1 |      1 |
| _createShiftedMap.30 |    271 |    266 |    261 |      0 |   3624 |    158 |    261 |   2247 |   3624 |      0 |      1 |      1 |
| _createShiftedMap.31 |    272 |    266 |    261 |      0 |   3624 |    158 |    261 |   2247 |   3624 |      0 |      1 |      1 |
| _createShiftedMap.32 |    271 |    266 |    261 |      0 |   3624 |    158 |    261 |   2247 |   3624 |      0 |      1 |     -1 |
| _createShiftedMap.33 |    271 |    266 |    261 |      0 |   3624 |    158 |    261 |   2247 |   3624 |      0 |      1 |      0 |
| _createShiftedMap.34 |    270 |    266 |    261 |      0 |   3624 |    158 |    261 |   2247 |   3624 |      0 |      1 |      0 |
| _createShiftedMap.35 |    271 |    266 |    261 |      0 |   3624 |    158 |    261 |   2247 |   3624 |      0 |      1 |      1 |
| _createShiftedMap.36 |    272 |    266 |    261 |      0 |   3624 |    158 |    261 |   2247 |   3624 |      0 |      1 |      1 |
| _createShiftedMap.37 |    271 |    266 |    261 |      0 |   3624 |    158 |    261 |   2247 |   3624 |      0 |      1 |   3625 |
| _createShiftedMap.38 |    272 |    266 |    261 |      0 |   3624 |    158 |    261 |   2247 |   3624 |      0 |      1 |   3625 |
| _createShiftedMap.39 |    273 |    266 |    261 |      0 |   3624 |    158 |    261 |   2247 |   3624 |      0 |      1 |   3625 |
| _createShiftedMap.40 |    272 |    266 |    261 |      0 |   3624 |    158 |    261 |   2247 |   3624 |      0 |      1 |   3625 |
| _createShiftedMap.41 |    271 |    266 |    261 |      0 |   2248 |    158 |    261 |   2247 |   3624 |      0 |      1 |   3625 |
| _createShiftedMap.42 |    272 |    266 |    261 |      0 |   2248 |    158 |    261 |   2247 |   3624 |      0 |      1 |   3625 |
| _createShiftedMap.43 |    273 |    266 |    261 |      0 |   2248 |    158 |    261 |   2247 |   3624 |      0 |      1 |   3625 |
| _createShiftedMap.44 |    278 |    278 |    271 |      0 |   2248 |     63 |    256 |    256 |     63 |    284 |      1 |      0 |
| PONG.Math_multiply.0 |    283 |    278 |    271 |      0 |   2248 |     63 |    256 |      0 |      0 |      0 |      0 |      0 |
| PONG.Math_multiply.1 |    284 |    278 |    271 |      0 |   2248 |     63 |    256 |      0 |      0 |      0 |      0 |      0 |
| PONG.Math_multiply.2 |    285 |    278 |    271 |      0 |   2248 |     63 |    256 |      0 |      0 |      0 |      0 |      0 |
| PONG.Math_multiply.3 |    284 |    278 |    271 |      0 |   2248 |     63 |    256 |      0 |      0 |      0 |      0 |      0 |
| PONG.Math_multiply.4 |    285 |    278 |    271 |      0 |   2248 |     63 |    256 |      0 |      0 |      0 |      0 |      0 |
| PONG.Math_multiply.5 |    286 |    278 |    271 |      0 |   2248 |     63 |    256 |      0 |      0 |      0 |      0 |      0 |
| PONG.Math_multiply.6 |    285 |    278 |    271 |      0 |   2248 |     63 |    256 |      0 |      0 |      0 |      0 |      0 |
| PONG.Math_multiply.7 |    284 |    278 |    271 |      0 |   2248 |     63 |    256 |      0 |      0 |      0 |      0 |      0 |
| PONG.Math_multiply.8 |    285 |    278 |    271 |      0 |   2248 |     63 |    256 |      0 |      0 |      0 |      0 |      0 |
| PONG.Math_multiply.9 |    286 |    278 |    271 |      0 |   2248 |     63 |    256 |      0 |      0 |      0 |      0 |      0 |
| ONG.Math_multiply.10 |    285 |    278 |    271 |      0 |   2248 |     63 |    256 |      0 |      0 |      0 |      0 |      0 |
| ONG.Math_multiply.11 |    286 |    278 |    271 |      0 |   2248 |     63 |    256 |      0 |      0 |      0 |      0 |      0 |
| ONG.Math_multiply.12 |    287 |    278 |    271 |      0 |   2248 |     63 |    256 |      0 |      0 |      0 |      0 |      0 |
| ONG.Math_multiply.13 |    286 |    278 |    271 |      0 |   2248 |     63 |    256 |      0 |      0 |      0 |      0 |      0 |
| ONG.Math_multiply.14 |    285 |    278 |    271 |      0 |   2248 |     63 |    256 |      0 |      0 |      0 |      0 |      0 |
| ONG.Math_multiply.15 |    284 |    278 |    271 |      0 |   2248 |     63 |    256 |      0 |      0 |      0 |      0 |      0 |
| ONG.Math_multiply.16 |    283 |    278 |    271 |      0 |   2248 |     63 |    256 |      0 |      0 |      0 |      0 |      0 |
| ONG.Math_multiply.17 |    284 |    278 |    271 |      0 |   2248 |     63 |    256 |      0 |      0 |      0 |      0 |      0 |
| ONG.Math_multiply.18 |    289 |    289 |    283 |      0 |   2248 |     63 |   2078 |    256 |      0 |    201 |    290 |    284 |
| MYPONG.Math_abs.0    |    289 |    289 |    283 |      0 |   2248 |     63 |   2078 |    256 |      0 |    201 |    290 |    284 |
| MYPONG.Math_abs.1    |    290 |    289 |    283 |      0 |   2248 |     63 |   2078 |     63 |      0 |    201 |    290 |    284 |
| MYPONG.Math_abs.2    |    291 |    289 |    283 |      0 |   2248 |     63 |   2078 |     63 |      0 |    201 |    290 |    284 |
| MYPONG.Math_abs.3    |    290 |    289 |    283 |      0 |   2248 |     63 |   2078 |      0 |      0 |    201 |    290 |    284 |
| MYPONG.Math_abs.4    |    289 |    289 |    283 |      0 |   2248 |     63 |   2078 |      0 |      0 |    201 |    290 |    284 |
| MYPONG.Math_abs.5    |    289 |    289 |    283 |      0 |   2248 |     63 |   2078 |      0 |      0 |    201 |    290 |    284 |
| MYPONG.Math_abs.9    |    290 |    289 |    283 |      0 |   2248 |     63 |   2078 |     63 |      0 |    201 |    290 |    284 |
| ONG.Math_multiply.10 |    284 |    278 |    271 |      0 |   2248 |     63 |    256 |      0 |      0 |      0 |      0 |      0 |
| ONG.Math_multiply.19 |    283 |    278 |    271 |      0 |   2248 |     63 |    256 |      0 |      0 |      0 |      0 |      0 |
| ONG.Math_multiply.20 |    284 |    278 |    271 |      0 |   2248 |     63 |    256 |      0 |      0 |      0 |      0 |      0 |
| ONG.Math_multiply.21 |    289 |    289 |    283 |      0 |   2248 |    256 |   2081 |     63 |      0 |    201 |    290 |    284 |
| MYPONG.Math_abs.0    |    289 |    289 |    283 |      0 |   2248 |    256 |   2081 |     63 |      0 |    201 |    290 |    284 |
| MYPONG.Math_abs.1    |    290 |    289 |    283 |      0 |   2248 |    256 |   2081 |    256 |      0 |    201 |    290 |    284 |
| MYPONG.Math_abs.2    |    291 |    289 |    283 |      0 |   2248 |    256 |   2081 |    256 |      0 |    201 |    290 |    284 |
| MYPONG.Math_abs.3    |    290 |    289 |    283 |      0 |   2248 |    256 |   2081 |      0 |      0 |    201 |    290 |    284 |
| MYPONG.Math_abs.4    |    289 |    289 |    283 |      0 |   2248 |    256 |   2081 |      0 |      0 |    201 |    290 |    284 |
| MYPONG.Math_abs.5    |    289 |    289 |    283 |      0 |   2248 |    256 |   2081 |      0 |      0 |    201 |    290 |    284 |
| MYPONG.Math_abs.9    |    290 |    289 |    283 |      0 |   2248 |    256 |   2081 |    256 |      0 |    201 |    290 |    284 |
| ONG.Math_multiply.10 |    284 |    278 |    271 |      0 |   2248 |     63 |    256 |      0 |      0 |      0 |      0 |      0 |
| ONG.Math_multiply.22 |    283 |    278 |    271 |      0 |   2248 |     63 |    256 |      0 |      0 |      0 |      0 |      0 |
| ONG.Math_multiply.23 |    284 |    278 |    271 |      0 |   2248 |     63 |    256 |      0 |      0 |      0 |      0 |      0 |
| ONG.Math_multiply.24 |    285 |    278 |    271 |      0 |   2248 |     63 |    256 |      0 |      0 |      0 |      0 |      0 |
| ONG.Math_multiply.25 |    284 |    278 |    271 |      0 |   2248 |     63 |    256 |      0 |      0 |      0 |      0 |      0 |
| ONG.Math_multiply.26 |    283 |    278 |    271 |      0 |   2248 |     63 |    256 |      0 |      0 |      0 |      0 |      0 |
| ONG.Math_multiply.28 |    284 |    278 |    271 |      0 |   2248 |     63 |    256 |      0 |      0 |      0 |      0 |      0 |
| ONG.Math_multiply.29 |    283 |    278 |    271 |      0 |   2248 |     63 |    256 |      0 |     63 |      0 |      0 |      0 |
| ONG.Math_multiply.30 |    284 |    278 |    271 |      0 |   2248 |     63 |    256 |      0 |     63 |      0 |      0 |      0 |
| ONG.Math_multiply.31 |    283 |    278 |    271 |      0 |   2248 |    256 |    256 |      0 |     63 |      0 |      0 |      0 |
| ONG.Math_multiply.32 |    284 |    278 |    271 |      0 |   2248 |    256 |    256 |      0 |     63 |      0 |      0 |      0 |
| ONG.Math_multiply.33 |    283 |    278 |    271 |      0 |   2248 |    256 |     63 |      0 |     63 |      0 |      0 |      0 |
| ONG.Math_multiply.34 |    284 |    278 |    271 |      0 |   2248 |    256 |     63 |      0 |     63 |      0 |      0 |      0 |
| ONG.Math_multiply.35 |    285 |    278 |    271 |      0 |   2248 |    256 |     63 |      0 |     63 |      0 |      0 |      0 |
| ONG.Math_multiply.36 |    284 |    278 |    271 |      0 |   2248 |    256 |     63 |      0 |     63 |      0 |      0 |      0 |
| ONG.Math_multiply.37 |    285 |    278 |    271 |      0 |   2248 |    256 |     63 |      0 |     63 |      0 |      0 |      0 |
| ONG.Math_multiply.38 |    286 |    278 |    271 |      0 |   2248 |    256 |     63 |      0 |     63 |      0 |      0 |      0 |
| ONG.Math_multiply.39 |    285 |    278 |    271 |      0 |   2248 |    256 |     63 |      0 |     63 |      0 |      0 |      0 |
| ONG.Math_multiply.40 |    284 |    278 |    271 |      0 |   2248 |    256 |     63 |      0 |     63 |      0 |      0 |      0 |
| ONG.Math_multiply.41 |    284 |    278 |    271 |      0 |   2248 |    256 |     63 |      0 |     63 |      0 |      0 |      0 |
| ONG.Math_multiply.42 |    283 |    278 |    271 |      0 |   2248 |    256 |     63 |      0 |     63 |      0 |      0 |      0 |
| ONG.Math_multiply.43 |    284 |    278 |    271 |      0 |   2248 |    256 |     63 |      0 |     63 |      0 |      0 |      0 |
| ONG.Math_multiply.44 |    285 |    278 |    271 |      0 |   2248 |    256 |     63 |      0 |     63 |      0 |      0 |      0 |
| ONG.Math_multiply.45 |    284 |    278 |    271 |      0 |   2248 |    256 |     63 |      0 |     63 |      0 |      0 |      0 |
| ONG.Math_multiply.46 |    283 |    278 |    271 |      0 |      0 |    256 |     63 |      0 |     63 |      0 |      0 |      0 |
| ONG.Math_multiply.47 |    284 |    278 |    271 |      0 |      0 |    256 |     63 |      0 |     63 |      0 |      0 |      0 |
| ONG.Math_multiply.48 |    285 |    278 |    271 |      0 |      0 |    256 |     63 |      0 |     63 |      0 |      0 |      0 |
| ONG.Math_multiply.49 |    284 |    278 |    271 |      0 |      0 |    256 |     63 |      0 |     63 |      0 |      0 |      0 |
| ONG.Math_multiply.50 |    285 |    278 |    271 |      0 |      0 |    256 |     63 |      0 |     63 |      0 |      0 |      0 |
| ONG.Math_multiply.51 |    284 |    278 |    271 |      0 |      0 |    256 |     63 |      0 |     63 |      0 |      0 |      0 |
| ONG.Math_multiply.52 |    284 |    278 |    271 |      0 |      0 |    256 |     63 |      0 |     63 |      0 |      0 |      0 |
| ONG.Math_multiply.53 |    283 |    278 |    271 |      0 |      0 |    256 |     63 |      0 |     63 |      0 |      0 |      0 |
| ONG.Math_multiply.55 |    284 |    278 |    271 |      0 |      0 |    256 |     63 |      0 |     63 |      0 |      0 |      0 |
| ONG.Math_multiply.56 |    285 |    278 |    271 |      0 |      0 |    256 |     63 |      0 |     63 |      0 |      0 |      0 |
| ONG.Math_multiply.57 |    284 |    278 |    271 |      0 |      0 |    256 |     63 |      0 |     63 |      0 |      0 |      0 |
| ONG.Math_multiply.58 |    283 |    278 |    271 |      0 |      0 |    256 |     63 |    256 |     63 |      0 |      0 |      0 |
| ONG.Math_multiply.59 |    284 |    278 |    271 |      0 |      0 |    256 |     63 |    256 |     63 |      0 |      0 |      0 |
| ONG.Math_multiply.60 |    285 |    278 |    271 |      0 |      0 |    256 |     63 |    256 |     63 |      0 |      0 |      0 |
| ONG.Math_multiply.61 |    286 |    278 |    271 |      0 |      0 |    256 |     63 |    256 |     63 |      0 |      0 |      0 |
| ONG.Math_multiply.62 |    285 |    278 |    271 |      0 |      0 |    256 |     63 |    256 |     63 |      0 |      0 |      0 |
| ONG.Math_multiply.63 |    284 |    278 |    271 |      0 |      0 |    256 |     63 |    256 |     63 |      0 |      0 |      0 |
| ONG.Math_multiply.64 |    285 |    278 |    271 |      0 |      0 |    256 |     63 |    256 |     63 |      0 |      0 |      0 |
| ONG.Math_multiply.65 |    284 |    278 |    271 |      0 |      0 |    256 |     63 |    256 |     63 |      0 |      0 |      0 |
| ONG.Math_multiply.66 |    283 |    278 |    271 |      0 |      0 |    256 |     63 |    256 |     63 |    284 |      0 |      0 |
| ONG.Math_multiply.67 |    284 |    278 |    271 |      0 |      0 |    256 |     63 |    256 |     63 |    284 |      0 |      0 |
| ONG.Math_multiply.68 |    285 |    278 |    271 |      0 |      0 |    256 |     63 |    256 |     63 |    284 |      0 |      0 |
| ONG.Math_multiply.69 |    284 |    278 |    271 |      0 |      0 |    256 |     63 |    256 |     63 |    284 |      0 |      0 |
| ONG.Math_multiply.70 |    283 |    278 |    271 |      0 |      0 |    512 |     63 |    256 |     63 |    284 |      0 |      0 |
| ONG.Math_multiply.71 |    284 |    278 |    271 |      0 |      0 |    512 |     63 |    256 |     63 |    284 |      0 |      0 |
| ONG.Math_multiply.72 |    285 |    278 |    271 |      0 |      0 |    512 |     63 |    256 |     63 |    284 |      0 |      0 |
| ONG.Math_multiply.73 |    284 |    278 |    271 |      0 |      0 |    512 |     63 |    256 |     63 |    284 |      0 |      0 |
| ONG.Math_multiply.74 |    283 |    278 |    271 |      0 |      0 |    512 |     63 |    256 |     63 |    284 |      1 |      0 |
| ONG.Math_multiply.75 |    283 |    278 |    271 |      0 |      0 |    512 |     63 |    256 |     63 |    284 |      1 |      0 |
| ONG.Math_multiply.34 |    284 |    278 |    271 |      0 |      0 |    512 |     63 |    256 |     63 |    284 |      1 |      0 |
| ONG.Math_multiply.35 |    285 |    278 |    271 |      0 |      0 |    512 |     63 |    256 |     63 |    284 |      1 |      0 |
| ONG.Math_multiply.36 |    284 |    278 |    271 |      0 |      0 |    512 |     63 |    256 |     63 |    284 |      1 |      0 |
| ONG.Math_multiply.37 |    285 |    278 |    271 |      0 |      0 |    512 |     63 |    256 |     63 |    284 |      1 |      0 |
| ONG.Math_multiply.38 |    286 |    278 |    271 |      0 |      0 |    512 |     63 |    256 |     63 |    284 |      1 |      0 |
| ONG.Math_multiply.39 |    285 |    278 |    271 |      0 |      0 |    512 |     63 |    256 |     63 |    284 |      1 |      0 |
| ONG.Math_multiply.40 |    284 |    278 |    271 |      0 |      0 |    512 |     63 |    256 |     63 |    284 |      1 |      0 |
| ONG.Math_multiply.41 |    284 |    278 |    271 |      0 |      0 |    512 |     63 |    256 |     63 |    284 |      1 |      0 |
| ONG.Math_multiply.42 |    283 |    278 |    271 |      0 |      0 |    512 |     63 |    256 |     63 |    284 |      1 |      0 |
| ONG.Math_multiply.76 |    284 |    278 |    271 |      0 |      0 |    512 |     63 |    256 |     63 |    284 |      1 |      0 |
| ONG.Math_multiply.77 |    283 |    278 |    271 |      0 |      0 |    512 |     63 |    256 |     63 |    284 |      1 |      0 |
| ONG.Math_multiply.78 |    283 |    278 |    271 |      0 |      0 |    512 |     63 |    256 |     63 |    284 |      1 |      0 |
| ONG.Math_multiply.82 |    284 |    278 |    271 |      0 |      0 |    512 |     63 |    256 |     63 |    284 |      1 |      0 |
| _createShiftedMap.83 |    272 |    266 |    261 |      0 |   2248 |    158 |    261 |   2247 |   3624 |      0 |      1 |   3625 |
| _createShiftedMap.45 |    271 |    266 |    261 |      0 |   2248 |    158 |    261 |   2247 |   3624 |      0 |      1 |   3625 |
| _createShiftedMap.46 |    270 |    266 |    261 |      0 |   3625 |    158 |    261 |   2247 |   3624 |      0 |      1 |   3625 |
| _createShiftedMap.47 |    271 |    266 |    261 |      0 |   3625 |    158 |    261 |   2247 |   3624 |      0 |      1 |    256 |
| _createShiftedMap.48 |    270 |    266 |    261 |      0 |   3625 |    158 |    261 |   2247 |   3624 |      0 |      1 |    256 |
| _createShiftedMap.49 |    271 |    266 |    261 |      0 |   3625 |    158 |    261 |   2247 |   3624 |      0 |      1 |      1 |
| _createShiftedMap.50 |    272 |    266 |    261 |      0 |   3625 |    158 |    261 |   2247 |   3624 |      0 |      1 |      1 |
| _createShiftedMap.51 |    271 |    266 |    261 |      0 |   3625 |    158 |    261 |   2247 |   3624 |      0 |      1 |      2 |
| _createShiftedMap.52 |    270 |    266 |    261 |      0 |   3625 |    158 |    261 |   2247 |   3624 |      0 |      2 |      2 |
| _createShiftedMap.53 |    270 |    266 |    261 |      0 |   3625 |    158 |    261 |   2247 |   3624 |      0 |      2 |      2 |
| _createShiftedMap.30 |    271 |    266 |    261 |      0 |   3625 |    158 |    261 |   2247 |   3624 |      0 |      2 |      2 |
| _createShiftedMap.31 |    272 |    266 |    261 |      0 |   3625 |    158 |    261 |   2247 |   3624 |      0 |      2 |      2 |
| _createShiftedMap.32 |    271 |    266 |    261 |      0 |   3625 |    158 |    261 |   2247 |   3624 |      0 |      2 |     -1 |
| _createShiftedMap.33 |    271 |    266 |    261 |      0 |   3625 |    158 |    261 |   2247 |   3624 |      0 |      2 |      0 |
| _createShiftedMap.34 |    270 |    266 |    261 |      0 |   3625 |    158 |    261 |   2247 |   3624 |      0 |      2 |      0 |
| _createShiftedMap.35 |    271 |    266 |    261 |      0 |   3625 |    158 |    261 |   2247 |   3624 |      0 |      2 |      2 |
| _createShiftedMap.36 |    272 |    266 |    261 |      0 |   3625 |    158 |    261 |   2247 |   3624 |      0 |      2 |      2 |
| _createShiftedMap.37 |    271 |    266 |    261 |      0 |   3625 |    158 |    261 |   2247 |   3624 |      0 |      2 |   3626 |
| _createShiftedMap.38 |    272 |    266 |    261 |      0 |   3625 |    158 |    261 |   2247 |   3624 |      0 |      2 |   3626 |
| _createShiftedMap.39 |    273 |    266 |    261 |      0 |   3625 |    158 |    261 |   2247 |   3624 |      0 |      2 |   3626 |
| _createShiftedMap.40 |    272 |    266 |    261 |      0 |   3625 |    158 |    261 |   2247 |   3624 |      0 |      2 |   3626 |
| _createShiftedMap.41 |    271 |    266 |    261 |      0 |   2249 |    158 |    261 |   2247 |   3624 |      0 |      2 |   3626 |
| _createShiftedMap.42 |    272 |    266 |    261 |      0 |   2249 |    158 |    261 |   2247 |   3624 |      0 |      2 |   3626 |
| _createShiftedMap.43 |    273 |    266 |    261 |      0 |   2249 |    158 |    261 |   2247 |   3624 |      0 |      2 |   3626 |
| _createShiftedMap.44 |    278 |    278 |    271 |      0 |   2249 |     63 |    256 |    256 |     63 |    284 |      1 |      0 |
| PONG.Math_multiply.0 |    283 |    278 |    271 |      0 |   2249 |     63 |    256 |      0 |      0 |      0 |      0 |      0 |
| PONG.Math_multiply.1 |    284 |    278 |    271 |      0 |   2249 |     63 |    256 |      0 |      0 |      0 |      0 |      0 |
| PONG.Math_multiply.2 |    285 |    278 |    271 |      0 |   2249 |     63 |    256 |      0 |      0 |      0 |      0 |      0 |
| PONG.Math_multiply.3 |    284 |    278 |    271 |      0 |   2249 |     63 |    256 |      0 |      0 |      0 |      0 |      0 |
| PONG.Math_multiply.4 |    285 |    278 |    271 |      0 |   2249 |     63 |    256 |      0 |      0 |      0 |      0 |      0 |
| PONG.Math_multiply.5 |    286 |    278 |    271 |      0 |   2249 |     63 |    256 |      0 |      0 |      0 |      0 |      0 |
| PONG.Math_multiply.6 |    285 |    278 |    271 |      0 |   2249 |     63 |    256 |      0 |      0 |      0 |      0 |      0 |
| PONG.Math_multiply.7 |    284 |    278 |    271 |      0 |   2249 |     63 |    256 |      0 |      0 |      0 |      0 |      0 |
| PONG.Math_multiply.8 |    285 |    278 |    271 |      0 |   2249 |     63 |    256 |      0 |      0 |      0 |      0 |      0 |
| PONG.Math_multiply.9 |    286 |    278 |    271 |      0 |   2249 |     63 |    256 |      0 |      0 |      0 |      0 |      0 |
| ONG.Math_multiply.10 |    285 |    278 |    271 |      0 |   2249 |     63 |    256 |      0 |      0 |      0 |      0 |      0 |
| ONG.Math_multiply.11 |    286 |    278 |    271 |      0 |   2249 |     63 |    256 |      0 |      0 |      0 |      0 |      0 |
| ONG.Math_multiply.12 |    287 |    278 |    271 |      0 |   2249 |     63 |    256 |      0 |      0 |      0 |      0 |      0 |
| ONG.Math_multiply.13 |    286 |    278 |    271 |      0 |   2249 |     63 |    256 |      0 |      0 |      0 |      0 |      0 |
| ONG.Math_multiply.14 |    285 |    278 |    271 |      0 |   2249 |     63 |    256 |      0 |      0 |      0 |      0 |      0 |
| ONG.Math_multiply.15 |    284 |    278 |    271 |      0 |   2249 |     63 |    256 |      0 |      0 |      0 |      0 |      0 |
| ONG.Math_multiply.16 |    283 |    278 |    271 |      0 |   2249 |     63 |    256 |      0 |      0 |      0 |      0 |      0 |
| ONG.Math_multiply.17 |    284 |    278 |    271 |      0 |   2249 |     63 |    256 |      0 |      0 |      0 |      0 |      0 |
| ONG.Math_multiply.18 |    289 |    289 |    283 |      0 |   2249 |     63 |   2078 |    256 |      0 |    201 |    290 |    284 |
| MYPONG.Math_abs.0    |    289 |    289 |    283 |      0 |   2249 |     63 |   2078 |    256 |      0 |    201 |    290 |    284 |
| MYPONG.Math_abs.1    |    290 |    289 |    283 |      0 |   2249 |     63 |   2078 |     63 |      0 |    201 |    290 |    284 |
| MYPONG.Math_abs.2    |    291 |    289 |    283 |      0 |   2249 |     63 |   2078 |     63 |      0 |    201 |    290 |    284 |
| MYPONG.Math_abs.3    |    290 |    289 |    283 |      0 |   2249 |     63 |   2078 |      0 |      0 |    201 |    290 |    284 |
| MYPONG.Math_abs.4    |    289 |    289 |    283 |      0 |   2249 |     63 |   2078 |      0 |      0 |    201 |    290 |    284 |
| MYPONG.Math_abs.5    |    289 |    289 |    283 |      0 |   2249 |     63 |   2078 |      0 |      0 |    201 |    290 |    284 |
| MYPONG.Math_abs.9    |    290 |    289 |    283 |      0 |   2249 |     63 |   2078 |     63 |      0 |    201 |    290 |    284 |
| ONG.Math_multiply.10 |    284 |    278 |    271 |      0 |   2249 |     63 |    256 |      0 |      0 |      0 |      0 |      0 |
| ONG.Math_multiply.19 |    283 |    278 |    271 |      0 |   2249 |     63 |    256 |      0 |      0 |      0 |      0 |      0 |
| ONG.Math_multiply.20 |    284 |    278 |    271 |      0 |   2249 |     63 |    256 |      0 |      0 |      0 |      0 |      0 |
| ONG.Math_multiply.21 |    289 |    289 |    283 |      0 |   2249 |    256 |   2081 |     63 |      0 |    201 |    290 |    284 |
| MYPONG.Math_abs.0    |    289 |    289 |    283 |      0 |   2249 |    256 |   2081 |     63 |      0 |    201 |    290 |    284 |
| MYPONG.Math_abs.1    |    290 |    289 |    283 |      0 |   2249 |    256 |   2081 |    256 |      0 |    201 |    290 |    284 |
| MYPONG.Math_abs.2    |    291 |    289 |    283 |      0 |   2249 |    256 |   2081 |    256 |      0 |    201 |    290 |    284 |
| MYPONG.Math_abs.3    |    290 |    289 |    283 |      0 |   2249 |    256 |   2081 |      0 |      0 |    201 |    290 |    284 |
| MYPONG.Math_abs.4    |    289 |    289 |    283 |      0 |   2249 |    256 |   2081 |      0 |      0 |    201 |    290 |    284 |
| MYPONG.Math_abs.5    |    289 |    289 |    283 |      0 |   2249 |    256 |   2081 |      0 |      0 |    201 |    290 |    284 |
| MYPONG.Math_abs.9    |    290 |    289 |    283 |      0 |   2249 |    256 |   2081 |    256 |      0 |    201 |    290 |    284 |
| ONG.Math_multiply.10 |    284 |    278 |    271 |      0 |   2249 |     63 |    256 |      0 |      0 |      0 |      0 |      0 |
| ONG.Math_multiply.22 |    283 |    278 |    271 |      0 |   2249 |     63 |    256 |      0 |      0 |      0 |      0 |      0 |
| ONG.Math_multiply.23 |    284 |    278 |    271 |      0 |   2249 |     63 |    256 |      0 |      0 |      0 |      0 |      0 |
| ONG.Math_multiply.24 |    285 |    278 |    271 |      0 |   2249 |     63 |    256 |      0 |      0 |      0 |      0 |      0 |
| ONG.Math_multiply.25 |    284 |    278 |    271 |      0 |   2249 |     63 |    256 |      0 |      0 |      0 |      0 |      0 |
| ONG.Math_multiply.26 |    283 |    278 |    271 |      0 |   2249 |     63 |    256 |      0 |      0 |      0 |      0 |      0 |
| ONG.Math_multiply.28 |    284 |    278 |    271 |      0 |   2249 |     63 |    256 |      0 |      0 |      0 |      0 |      0 |
| ONG.Math_multiply.29 |    283 |    278 |    271 |      0 |   2249 |     63 |    256 |      0 |     63 |      0 |      0 |      0 |
| ONG.Math_multiply.30 |    284 |    278 |    271 |      0 |   2249 |     63 |    256 |      0 |     63 |      0 |      0 |      0 |
| ONG.Math_multiply.31 |    283 |    278 |    271 |      0 |   2249 |    256 |    256 |      0 |     63 |      0 |      0 |      0 |
| ONG.Math_multiply.32 |    284 |    278 |    271 |      0 |   2249 |    256 |    256 |      0 |     63 |      0 |      0 |      0 |
| ONG.Math_multiply.33 |    283 |    278 |    271 |      0 |   2249 |    256 |     63 |      0 |     63 |      0 |      0 |      0 |
| ONG.Math_multiply.34 |    284 |    278 |    271 |      0 |   2249 |    256 |     63 |      0 |     63 |      0 |      0 |      0 |
| ONG.Math_multiply.35 |    285 |    278 |    271 |      0 |   2249 |    256 |     63 |      0 |     63 |      0 |      0 |      0 |
| ONG.Math_multiply.36 |    284 |    278 |    271 |      0 |   2249 |    256 |     63 |      0 |     63 |      0 |      0 |      0 |
| ONG.Math_multiply.37 |    285 |    278 |    271 |      0 |   2249 |    256 |     63 |      0 |     63 |      0 |      0 |      0 |
| ONG.Math_multiply.38 |    286 |    278 |    271 |      0 |   2249 |    256 |     63 |      0 |     63 |      0 |      0 |      0 |
| ONG.Math_multiply.39 |    285 |    278 |    271 |      0 |   2249 |    256 |     63 |      0 |     63 |      0 |      0 |      0 |
| ONG.Math_multiply.40 |    284 |    278 |    271 |      0 |   2249 |    256 |     63 |      0 |     63 |      0 |      0 |      0 |
| ONG.Math_multiply.41 |    284 |    278 |    271 |      0 |   2249 |    256 |     63 |      0 |     63 |      0 |      0 |      0 |
| ONG.Math_multiply.42 |    283 |    278 |    271 |      0 |   2249 |    256 |     63 |      0 |     63 |      0 |      0 |      0 |
| ONG.Math_multiply.43 |    284 |    278 |    271 |      0 |   2249 |    256 |     63 |      0 |     63 |      0 |      0 |      0 |
| ONG.Math_multiply.44 |    285 |    278 |    271 |      0 |   2249 |    256 |     63 |      0 |     63 |      0 |      0 |      0 |
| ONG.Math_multiply.45 |    284 |    278 |    271 |      0 |   2249 |    256 |     63 |      0 |     63 |      0 |      0 |      0 |
| ONG.Math_multiply.46 |    283 |    278 |    271 |      0 |      0 |    256 |     63 |      0 |     63 |      0 |      0 |      0 |
| ONG.Math_multiply.47 |    284 |    278 |    271 |      0 |      0 |    256 |     63 |      0 |     63 |      0 |      0 |      0 |
| ONG.Math_multiply.48 |    285 |    278 |    271 |      0 |      0 |    256 |     63 |      0 |     63 |      0 |      0 |      0 |
| ONG.Math_multiply.49 |    284 |    278 |    271 |      0 |      0 |    256 |     63 |      0 |     63 |      0 |      0 |      0 |
| ONG.Math_multiply.50 |    285 |    278 |    271 |      0 |      0 |    256 |     63 |      0 |     63 |      0 |      0 |      0 |
| ONG.Math_multiply.51 |    284 |    278 |    271 |      0 |      0 |    256 |     63 |      0 |     63 |      0 |      0 |      0 |
| ONG.Math_multiply.52 |    284 |    278 |    271 |      0 |      0 |    256 |     63 |      0 |     63 |      0 |      0 |      0 |
| ONG.Math_multiply.53 |    283 |    278 |    271 |      0 |      0 |    256 |     63 |      0 |     63 |      0 |      0 |      0 |
| ONG.Math_multiply.55 |    284 |    278 |    271 |      0 |      0 |    256 |     63 |      0 |     63 |      0 |      0 |      0 |
| ONG.Math_multiply.56 |    285 |    278 |    271 |      0 |      0 |    256 |     63 |      0 |     63 |      0 |      0 |      0 |
| ONG.Math_multiply.57 |    284 |    278 |    271 |      0 |      0 |    256 |     63 |      0 |     63 |      0 |      0 |      0 |
| ONG.Math_multiply.58 |    283 |    278 |    271 |      0 |      0 |    256 |     63 |    256 |     63 |      0 |      0 |      0 |
| ONG.Math_multiply.59 |    284 |    278 |    271 |      0 |      0 |    256 |     63 |    256 |     63 |      0 |      0 |      0 |
| ONG.Math_multiply.60 |    285 |    278 |    271 |      0 |      0 |    256 |     63 |    256 |     63 |      0 |      0 |      0 |
| ONG.Math_multiply.61 |    286 |    278 |    271 |      0 |      0 |    256 |     63 |    256 |     63 |      0 |      0 |      0 |
| ONG.Math_multiply.62 |    285 |    278 |    271 |      0 |      0 |    256 |     63 |    256 |     63 |      0 |      0 |      0 |
| ONG.Math_multiply.63 |    284 |    278 |    271 |      0 |      0 |    256 |     63 |    256 |     63 |      0 |      0 |      0 |
| ONG.Math_multiply.64 |    285 |    278 |    271 |      0 |      0 |    256 |     63 |    256 |     63 |      0 |      0 |      0 |
| ONG.Math_multiply.65 |    284 |    278 |    271 |      0 |      0 |    256 |     63 |    256 |     63 |      0 |      0 |      0 |
| ONG.Math_multiply.66 |    283 |    278 |    271 |      0 |      0 |    256 |     63 |    256 |     63 |    284 |      0 |      0 |
| ONG.Math_multiply.67 |    284 |    278 |    271 |      0 |      0 |    256 |     63 |    256 |     63 |    284 |      0 |      0 |
| ONG.Math_multiply.68 |    285 |    278 |    271 |      0 |      0 |    256 |     63 |    256 |     63 |    284 |      0 |      0 |
| ONG.Math_multiply.69 |    284 |    278 |    271 |      0 |      0 |    256 |     63 |    256 |     63 |    284 |      0 |      0 |
| ONG.Math_multiply.70 |    283 |    278 |    271 |      0 |      0 |    512 |     63 |    256 |     63 |    284 |      0 |      0 |
| ONG.Math_multiply.71 |    284 |    278 |    271 |      0 |      0 |    512 |     63 |    256 |     63 |    284 |      0 |      0 |
| ONG.Math_multiply.72 |    285 |    278 |    271 |      0 |      0 |    512 |     63 |    256 |     63 |    284 |      0 |      0 |
| ONG.Math_multiply.73 |    284 |    278 |    271 |      0 |      0 |    512 |     63 |    256 |     63 |    284 |      0 |      0 |
| ONG.Math_multiply.74 |    283 |    278 |    271 |      0 |      0 |    512 |     63 |    256 |     63 |    284 |      1 |      0 |
| ONG.Math_multiply.75 |    283 |    278 |    271 |      0 |      0 |    512 |     63 |    256 |     63 |    284 |      1 |      0 |
| ONG.Math_multiply.34 |    284 |    278 |    271 |      0 |      0 |    512 |     63 |    256 |     63 |    284 |      1 |      0 |
| ONG.Math_multiply.35 |    285 |    278 |    271 |      0 |      0 |    512 |     63 |    256 |     63 |    284 |      1 |      0 |
| ONG.Math_multiply.36 |    284 |    278 |    271 |      0 |      0 |    512 |     63 |    256 |     63 |    284 |      1 |      0 |
| ONG.Math_multiply.37 |    285 |    278 |    271 |      0 |      0 |    512 |     63 |    256 |     63 |    284 |      1 |      0 |
| ONG.Math_multiply.38 |    286 |    278 |    271 |      0 |      0 |    512 |     63 |    256 |     63 |    284 |      1 |      0 |
| ONG.Math_multiply.39 |    285 |    278 |    271 |      0 |      0 |    512 |     63 |    256 |     63 |    284 |      1 |      0 |
| ONG.Math_multiply.40 |    284 |    278 |    271 |      0 |      0 |    512 |     63 |    256 |     63 |    284 |      1 |      0 |
| ONG.Math_multiply.41 |    284 |    278 |    271 |      0 |      0 |    512 |     63 |    256 |     63 |    284 |      1 |      0 |
| ONG.Math_multiply.42 |    283 |    278 |    271 |      0 |      0 |    512 |     63 |    256 |     63 |    284 |      1 |      0 |
| ONG.Math_multiply.76 |    284 |    278 |    271 |      0 |      0 |    512 |     63 |    256 |     63 |    284 |      1 |      0 |
| ONG.Math_multiply.77 |    283 |    278 |    271 |      0 |      0 |    512 |     63 |    256 |     63 |    284 |      1 |      0 |
| ONG.Math_multiply.78 |    283 |    278 |    271 |      0 |      0 |    512 |     63 |    256 |     63 |    284 |      1 |      0 |
| ONG.Math_multiply.82 |    284 |    278 |    271 |      0 |      0 |    512 |     63 |    256 |     63 |    284 |      1 |      0 |
| _createShiftedMap.83 |    272 |    266 |    261 |      0 |   2249 |    158 |    261 |   2247 |   3624 |      0 |      2 |   3626 |
| _createShiftedMap.45 |    271 |    266 |    261 |      0 |   2249 |    158 |    261 |   2247 |   3624 |      0 |      2 |   3626 |
| _createShiftedMap.46 |    270 |    266 |    261 |      0 |   3626 |    158 |    261 |   2247 |   3624 |      0 |      2 |   3626 |
| _createShiftedMap.47 |    271 |    266 |    261 |      0 |   3626 |    158 |    261 |   2247 |   3624 |      0 |      2 |    256 |
| _createShiftedMap.48 |    270 |    266 |    261 |      0 |   3626 |    158 |    261 |   2247 |   3624 |      0 |      2 |    256 |
| _createShiftedMap.49 |    271 |    266 |    261 |      0 |   3626 |    158 |    261 |   2247 |   3624 |      0 |      2 |      2 |
| _createShiftedMap.50 |    272 |    266 |    261 |      0 |   3626 |    158 |    261 |   2247 |   3624 |      0 |      2 |      2 |
| _createShiftedMap.51 |    271 |    266 |    261 |      0 |   3626 |    158 |    261 |   2247 |   3624 |      0 |      2 |      3 |
| _createShiftedMap.52 |    270 |    266 |    261 |      0 |   3626 |    158 |    261 |   2247 |   3624 |      0 |      3 |      3 |
| _createShiftedMap.53 |    270 |    266 |    261 |      0 |   3626 |    158 |    261 |   2247 |   3624 |      0 |      3 |      3 |
| _createShiftedMap.30 |    271 |    266 |    261 |      0 |   3626 |    158 |    261 |   2247 |   3624 |      0 |      3 |      3 |
| _createShiftedMap.31 |    272 |    266 |    261 |      0 |   3626 |    158 |    261 |   2247 |   3624 |      0 |      3 |      3 |
| _createShiftedMap.32 |    271 |    266 |    261 |      0 |   3626 |    158 |    261 |   2247 |   3624 |      0 |      3 |     -1 |
| _createShiftedMap.33 |    271 |    266 |    261 |      0 |   3626 |    158 |    261 |   2247 |   3624 |      0 |      3 |      0 |
| _createShiftedMap.34 |    270 |    266 |    261 |      0 |   3626 |    158 |    261 |   2247 |   3624 |      0 |      3 |      0 |
| _createShiftedMap.35 |    271 |    266 |    261 |      0 |   3626 |    158 |    261 |   2247 |   3624 |      0 |      3 |      3 |
| _createShiftedMap.36 |    272 |    266 |    261 |      0 |   3626 |    158 |    261 |   2247 |   3624 |      0 |      3 |      3 |
| _createShiftedMap.37 |    271 |    266 |    261 |      0 |   3626 |    158 |    261 |   2247 |   3624 |      0 |      3 |   3627 |
| _createShiftedMap.38 |    272 |    266 |    261 |      0 |   3626 |    158 |    261 |   2247 |   3624 |      0 |      3 |   3627 |
| _createShiftedMap.39 |    273 |    266 |    261 |      0 |   3626 |    158 |    261 |   2247 |   3624 |      0 |      3 |   3627 |
| _createShiftedMap.40 |    272 |    266 |    261 |      0 |   3626 |    158 |    261 |   2247 |   3624 |      0 |      3 |   3627 |
| _createShiftedMap.41 |    271 |    266 |    261 |      0 |   2250 |    158 |    261 |   2247 |   3624 |      0 |      3 |   3627 |
| _createShiftedMap.42 |    272 |    266 |    261 |      0 |   2250 |    158 |    261 |   2247 |   3624 |      0 |      3 |   3627 |
| _createShiftedMap.43 |    273 |    266 |    261 |      0 |   2250 |    158 |    261 |   2247 |   3624 |      0 |      3 |   3627 |
| _createShiftedMap.44 |    278 |    278 |    271 |      0 |   2250 |     63 |    256 |    256 |     63 |    284 |      1 |      0 |
| PONG.Math_multiply.0 |    283 |    278 |    271 |      0 |   2250 |     63 |    256 |      0 |      0 |      0 |      0 |      0 |
| PONG.Math_multiply.1 |    284 |    278 |    271 |      0 |   2250 |     63 |    256 |      0 |      0 |      0 |      0 |      0 |
| PONG.Math_multiply.2 |    285 |    278 |    271 |      0 |   2250 |     63 |    256 |      0 |      0 |      0 |      0 |      0 |
| PONG.Math_multiply.3 |    284 |    278 |    271 |      0 |   2250 |     63 |    256 |      0 |      0 |      0 |      0 |      0 |
| PONG.Math_multiply.4 |    285 |    278 |    271 |      0 |   2250 |     63 |    256 |      0 |      0 |      0 |      0 |      0 |
| PONG.Math_multiply.5 |    286 |    278 |    271 |      0 |   2250 |     63 |    256 |      0 |      0 |      0 |      0 |      0 |
| PONG.Math_multiply.6 |    285 |    278 |    271 |      0 |   2250 |     63 |    256 |      0 |      0 |      0 |      0 |      0 |
| PONG.Math_multiply.7 |    284 |    278 |    271 |      0 |   2250 |     63 |    256 |      0 |      0 |      0 |      0 |      0 |
| PONG.Math_multiply.8 |    285 |    278 |    271 |      0 |   2250 |     63 |    256 |      0 |      0 |      0 |      0 |      0 |
| PONG.Math_multiply.9 |    286 |    278 |    271 |      0 |   2250 |     63 |    256 |      0 |      0 |      0 |      0 |      0 |
| ONG.Math_multiply.10 |    285 |    278 |    271 |      0 |   2250 |     63 |    256 |      0 |      0 |      0 |      0 |      0 |
| ONG.Math_multiply.11 |    286 |    278 |    271 |      0 |   2250 |     63 |    256 |      0 |      0 |      0 |      0 |      0 |
| ONG.Math_multiply.12 |    287 |    278 |    271 |      0 |   2250 |     63 |    256 |      0 |      0 |      0 |      0 |      0 |
| ONG.Math_multiply.13 |    286 |    278 |    271 |      0 |   2250 |     63 |    256 |      0 |      0 |      0 |      0 |      0 |
| ONG.Math_multiply.14 |    285 |    278 |    271 |      0 |   2250 |     63 |    256 |      0 |      0 |      0 |      0 |      0 |
| ONG.Math_multiply.15 |    284 |    278 |    271 |      0 |   2250 |     63 |    256 |      0 |      0 |      0 |      0 |      0 |
| ONG.Math_multiply.16 |    283 |    278 |    271 |      0 |   2250 |     63 |    256 |      0 |      0 |      0 |      0 |      0 |
| ONG.Math_multiply.17 |    284 |    278 |    271 |      0 |   2250 |     63 |    256 |      0 |      0 |      0 |      0 |      0 |
| ONG.Math_multiply.18 |    289 |    289 |    283 |      0 |   2250 |     63 |   2078 |    256 |      0 |    201 |    290 |    284 |
| MYPONG.Math_abs.0    |    289 |    289 |    283 |      0 |   2250 |     63 |   2078 |    256 |      0 |    201 |    290 |    284 |
| MYPONG.Math_abs.1    |    290 |    289 |    283 |      0 |   2250 |     63 |   2078 |     63 |      0 |    201 |    290 |    284 |
| MYPONG.Math_abs.2    |    291 |    289 |    283 |      0 |   2250 |     63 |   2078 |     63 |      0 |    201 |    290 |    284 |
| MYPONG.Math_abs.3    |    290 |    289 |    283 |      0 |   2250 |     63 |   2078 |      0 |      0 |    201 |    290 |    284 |
| MYPONG.Math_abs.4    |    289 |    289 |    283 |      0 |   2250 |     63 |   2078 |      0 |      0 |    201 |    290 |    284 |
| MYPONG.Math_abs.5    |    289 |    289 |    283 |      0 |   2250 |     63 |   2078 |      0 |      0 |    201 |    290 |    284 |
| MYPONG.Math_abs.9    |    290 |    289 |    283 |      0 |   2250 |     63 |   2078 |     63 |      0 |    201 |    290 |    284 |
| ONG.Math_multiply.10 |    284 |    278 |    271 |      0 |   2250 |     63 |    256 |      0 |      0 |      0 |      0 |      0 |
| ONG.Math_multiply.19 |    283 |    278 |    271 |      0 |   2250 |     63 |    256 |      0 |      0 |      0 |      0 |      0 |
| ONG.Math_multiply.20 |    284 |    278 |    271 |      0 |   2250 |     63 |    256 |      0 |      0 |      0 |      0 |      0 |
| ONG.Math_multiply.21 |    289 |    289 |    283 |      0 |   2250 |    256 |   2081 |     63 |      0 |    201 |    290 |    284 |
| MYPONG.Math_abs.0    |    289 |    289 |    283 |      0 |   2250 |    256 |   2081 |     63 |      0 |    201 |    290 |    284 |
| MYPONG.Math_abs.1    |    290 |    289 |    283 |      0 |   2250 |    256 |   2081 |    256 |      0 |    201 |    290 |    284 |
| MYPONG.Math_abs.2    |    291 |    289 |    283 |      0 |   2250 |    256 |   2081 |    256 |      0 |    201 |    290 |    284 |
| MYPONG.Math_abs.3    |    290 |    289 |    283 |      0 |   2250 |    256 |   2081 |      0 |      0 |    201 |    290 |    284 |
| MYPONG.Math_abs.4    |    289 |    289 |    283 |      0 |   2250 |    256 |   2081 |      0 |      0 |    201 |    290 |    284 |
| MYPONG.Math_abs.5    |    289 |    289 |    283 |      0 |   2250 |    256 |   2081 |      0 |      0 |    201 |    290 |    284 |
| MYPONG.Math_abs.9    |    290 |    289 |    283 |      0 |   2250 |    256 |   2081 |    256 |      0 |    201 |    290 |    284 |
| ONG.Math_multiply.10 |    284 |    278 |    271 |      0 |   2250 |     63 |    256 |      0 |      0 |      0 |      0 |      0 |
| ONG.Math_multiply.22 |    283 |    278 |    271 |      0 |   2250 |     63 |    256 |      0 |      0 |      0 |      0 |      0 |
| ONG.Math_multiply.23 |    284 |    278 |    271 |      0 |   2250 |     63 |    256 |      0 |      0 |      0 |      0 |      0 |
| ONG.Math_multiply.24 |    285 |    278 |    271 |      0 |   2250 |     63 |    256 |      0 |      0 |      0 |      0 |      0 |
| ONG.Math_multiply.25 |    284 |    278 |    271 |      0 |   2250 |     63 |    256 |      0 |      0 |      0 |      0 |      0 |
| ONG.Math_multiply.26 |    283 |    278 |    271 |      0 |   2250 |     63 |    256 |      0 |      0 |      0 |      0 |      0 |
| ONG.Math_multiply.28 |    284 |    278 |    271 |      0 |   2250 |     63 |    256 |      0 |      0 |      0 |      0 |      0 |
| ONG.Math_multiply.29 |    283 |    278 |    271 |      0 |   2250 |     63 |    256 |      0 |     63 |      0 |      0 |      0 |
| ONG.Math_multiply.30 |    284 |    278 |    271 |      0 |   2250 |     63 |    256 |      0 |     63 |      0 |      0 |      0 |
| ONG.Math_multiply.31 |    283 |    278 |    271 |      0 |   2250 |    256 |    256 |      0 |     63 |      0 |      0 |      0 |
| ONG.Math_multiply.32 |    284 |    278 |    271 |      0 |   2250 |    256 |    256 |      0 |     63 |      0 |      0 |      0 |
| ONG.Math_multiply.33 |    283 |    278 |    271 |      0 |   2250 |    256 |     63 |      0 |     63 |      0 |      0 |      0 |
| ONG.Math_multiply.34 |    284 |    278 |    271 |      0 |   2250 |    256 |     63 |      0 |     63 |      0 |      0 |      0 |
| ONG.Math_multiply.35 |    285 |    278 |    271 |      0 |   2250 |    256 |     63 |      0 |     63 |      0 |      0 |      0 |
| ONG.Math_multiply.36 |    284 |    278 |    271 |      0 |   2250 |    256 |     63 |      0 |     63 |      0 |      0 |      0 |
| ONG.Math_multiply.37 |    285 |    278 |    271 |      0 |   2250 |    256 |     63 |      0 |     63 |      0 |      0 |      0 |
| ONG.Math_multiply.38 |    286 |    278 |    271 |      0 |   2250 |    256 |     63 |      0 |     63 |      0 |      0 |      0 |
| ONG.Math_multiply.39 |    285 |    278 |    271 |      0 |   2250 |    256 |     63 |      0 |     63 |      0 |      0 |      0 |
| ONG.Math_multiply.40 |    284 |    278 |    271 |      0 |   2250 |    256 |     63 |      0 |     63 |      0 |      0 |      0 |
| ONG.Math_multiply.41 |    284 |    278 |    271 |      0 |   2250 |    256 |     63 |      0 |     63 |      0 |      0 |      0 |
| ONG.Math_multiply.42 |    283 |    278 |    271 |      0 |   2250 |    256 |     63 |      0 |     63 |      0 |      0 |      0 |
| ONG.Math_multiply.43 |    284 |    278 |    271 |      0 |   2250 |    256 |     63 |      0 |     63 |      0 |      0 |      0 |
| ONG.Math_multiply.44 |    285 |    278 |    271 |      0 |   2250 |    256 |     63 |      0 |     63 |      0 |      0 |      0 |
| ONG.Math_multiply.45 |    284 |    278 |    271 |      0 |   2250 |    256 |     63 |      0 |     63 |      0 |      0 |      0 |
| ONG.Math_multiply.46 |    283 |    278 |    271 |      0 |      0 |    256 |     63 |      0 |     63 |      0 |      0 |      0 |
| ONG.Math_multiply.47 |    284 |    278 |    271 |      0 |      0 |    256 |     63 |      0 |     63 |      0 |      0 |      0 |
| ONG.Math_multiply.48 |    285 |    278 |    271 |      0 |      0 |    256 |     63 |      0 |     63 |      0 |      0 |      0 |
| ONG.Math_multiply.49 |    284 |    278 |    271 |      0 |      0 |    256 |     63 |      0 |     63 |      0 |      0 |      0 |
| ONG.Math_multiply.50 |    285 |    278 |    271 |      0 |      0 |    256 |     63 |      0 |     63 |      0 |      0 |      0 |
| ONG.Math_multiply.51 |    284 |    278 |    271 |      0 |      0 |    256 |     63 |      0 |     63 |      0 |      0 |      0 |
| ONG.Math_multiply.52 |    284 |    278 |    271 |      0 |      0 |    256 |     63 |      0 |     63 |      0 |      0 |      0 |
| ONG.Math_multiply.53 |    283 |    278 |    271 |      0 |      0 |    256 |     63 |      0 |     63 |      0 |      0 |      0 |
| ONG.Math_multiply.55 |    284 |    278 |    271 |      0 |      0 |    256 |     63 |      0 |     63 |      0 |      0 |      0 |
| ONG.Math_multiply.56 |    285 |    278 |    271 |      0 |      0 |    256 |     63 |      0 |     63 |      0 |      0 |      0 |
| ONG.Math_multiply.57 |    284 |    278 |    271 |      0 |      0 |    256 |     63 |      0 |     63 |      0 |      0 |      0 |
| ONG.Math_multiply.58 |    283 |    278 |    271 |      0 |      0 |    256 |     63 |    256 |     63 |      0 |      0 |      0 |
| ONG.Math_multiply.59 |    284 |    278 |    271 |      0 |      0 |    256 |     63 |    256 |     63 |      0 |      0 |      0 |
| ONG.Math_multiply.60 |    285 |    278 |    271 |      0 |      0 |    256 |     63 |    256 |     63 |      0 |      0 |      0 |
| ONG.Math_multiply.61 |    286 |    278 |    271 |      0 |      0 |    256 |     63 |    256 |     63 |      0 |      0 |      0 |
| ONG.Math_multiply.62 |    285 |    278 |    271 |      0 |      0 |    256 |     63 |    256 |     63 |      0 |      0 |      0 |
| ONG.Math_multiply.63 |    284 |    278 |    271 |      0 |      0 |    256 |     63 |    256 |     63 |      0 |      0 |      0 |
| ONG.Math_multiply.64 |    285 |    278 |    271 |      0 |      0 |    256 |     63 |    256 |     63 |      0 |      0 |      0 |
| ONG.Math_multiply.65 |    284 |    278 |    271 |      0 |      0 |    256 |     63 |    256 |     63 |      0 |      0 |      0 |
| ONG.Math_multiply.66 |    283 |    278 |    271 |      0 |      0 |    256 |     63 |    256 |     63 |    284 |      0 |      0 |
| ONG.Math_multiply.67 |    284 |    278 |    271 |      0 |      0 |    256 |     63 |    256 |     63 |    284 |      0 |      0 |
| ONG.Math_multiply.68 |    285 |    278 |    271 |      0 |      0 |    256 |     63 |    256 |     63 |    284 |      0 |      0 |
| ONG.Math_multiply.69 |    284 |    278 |    271 |      0 |      0 |    256 |     63 |    256 |     63 |    284 |      0 |      0 |
| ONG.Math_multiply.70 |    283 |    278 |    271 |      0 |      0 |    512 |     63 |    256 |     63 |    284 |      0 |      0 |
| ONG.Math_multiply.71 |    284 |    278 |    271 |      0 |      0 |    512 |     63 |    256 |     63 |    284 |      0 |      0 |
| ONG.Math_multiply.72 |    285 |    278 |    271 |      0 |      0 |    512 |     63 |    256 |     63 |    284 |      0 |      0 |
| ONG.Math_multiply.73 |    284 |    278 |    271 |      0 |      0 |    512 |     63 |    256 |     63 |    284 |      0 |      0 |
| ONG.Math_multiply.74 |    283 |    278 |    271 |      0 |      0 |    512 |     63 |    256 |     63 |    284 |      1 |      0 |
| ONG.Math_multiply.75 |    283 |    278 |    271 |      0 |      0 |    512 |     63 |    256 |     63 |    284 |      1 |      0 |
| ONG.Math_multiply.34 |    284 |    278 |    271 |      0 |      0 |    512 |     63 |    256 |     63 |    284 |      1 |      0 |
| ONG.Math_multiply.35 |    285 |    278 |    271 |      0 |      0 |    512 |     63 |    256 |     63 |    284 |      1 |      0 |
| ONG.Math_multiply.36 |    284 |    278 |    271 |      0 |      0 |    512 |     63 |    256 |     63 |    284 |      1 |      0 |
| ONG.Math_multiply.37 |    285 |    278 |    271 |      0 |      0 |    512 |     63 |    256 |     63 |    284 |      1 |      0 |
